<?xml version="1.0" encoding="UTF-8"?>
<!-- Generated by org.testng.reporters.JUnitReportReporter -->
<testsuite name="com.qa.test.GetAPITest" tests="1" time="1.326" ignored="0" failures="0" timestamp="17 Jun 2018 06:19:26 GMT" skipped="0" hostname="DHARMPAL-PC" errors="0">
  <testcase name="getTest" time="1.326" classname="com.qa.test.GetAPITest"/>
</testsuite> <!-- com.qa.test.GetAPITest -->
