<?xml version="1.0" encoding="UTF-8"?>
<!-- Generated by org.testng.reporters.JUnitReportReporter -->
<testsuite name="com.qa.test.GetAPITest" tests="2" time="2.944" ignored="0" failures="0" timestamp="17 Jun 2018 20:03:15 GMT" skipped="0" hostname="DHARMPAL-PC" errors="0">
  <testcase name="getTestWithHeader" time="0.869" classname="com.qa.test.GetAPITest"/>
  <testcase name="getTestWithoutHeader" time="2.075" classname="com.qa.test.GetAPITest"/>
</testsuite> <!-- com.qa.test.GetAPITest -->
